{
    "Role": {
        "Path": "/",
        "RoleName": "lambda-exemplo",
        "RoleId": "AROAXQD3XSCAIFBKO4FJ7",
        "Arn": "arn:aws:iam::515655569536:role/lambda-exemplo",
        "CreateDate": "2021-07-01T02:14:05Z",
        "AssumeRolePolicyDocument": {
            "Version": "2012-10-17",
            "Statement": [
                {
                    "Effect": "Allow",
                    "Principal": {
                        "Service": "lambda.amazonaws.com"
                    },
                    "Action": "sts:AssumeRole"
                }
            ]
        }
    }
}
